[     445ms] [LOG] Hi there! You're looking at Render version 7fe58b127. @ https://dashboard.render.com/assets/errors-B-GptvPE.js:5
[  403309ms] ApolloError: deploy is not running
    at new t (https://dashboard.render.com/assets/urls-01lzAMjG.js:17:150)
    at https://dashboard.render.com/assets/enterpriseSSO-BccjFbhV.js:25:49026
    at a (https://dashboard.render.com/assets/enterpriseSSO-BccjFbhV.js:21:8483)
    at https://dashboard.render.com/assets/enterpriseSSO-BccjFbhV.js:21:8398
    at new Promise (<anonymous>)
    at Object.then (https://dashboard.render.com/assets/enterpriseSSO-BccjFbhV.js:21:8365)
    at Object.next (https://dashboard.render.com/assets/enterpriseSSO-BccjFbhV.js:21:8493)
    at ai (https://dashboard.render.com/assets/urls-01lzAMjG.js:16:1891)
    at oi (https://dashboard.render.com/assets/urls-01lzAMjG.js:16:2300)
    at t.next (https://dashboard.render.com/assets/urls-01lzAMjG.js:16:2817)
    at https://dashboard.render.com/assets/urls-01lzAMjG.js:16:7256
    at Array.forEach (<anonymous>)
    at mi (https://dashboard.render.com/assets/urls-01lzAMjG.js:16:7225)
    at Object.next (https://dashboard.render.com/assets/enterpriseSSO-BccjFbhV.js:21:9113)
    at ai (https://dashboard.render.com/assets/urls-01lzAMjG.js:16:1891)
    at oi (https://dashboard.render.com/assets/urls-01lzAMjG.js:16:2300)
    at t.next (https://dashboard.render.com/assets/urls-01lzAMjG.js:16:2817)
    at ai (https://dashboard.render.com/assets/urls-01lzAMjG.js:16:1891)
    at oi (https://dashboard.render.com/assets/urls-01lzAMjG.js:16:2300)
    at t.next (https://dashboard.render.com/assets/urls-01lzAMjG.js:16:2817)
    at ai (https://dashboard.render.com/assets/urls-01lzAMjG.js:16:1891)
    at oi (https://dashboard.render.com/assets/urls-01lzAMjG.js:16:2300)
    at t.next (https://dashboard.render.com/assets/urls-01lzAMjG.js:16:2817)
[  412626ms] ApolloError: deploy is not running
    at new t (https://dashboard.render.com/assets/urls-01lzAMjG.js:17:150)
    at https://dashboard.render.com/assets/enterpriseSSO-BccjFbhV.js:25:49026
    at a (https://dashboard.render.com/assets/enterpriseSSO-BccjFbhV.js:21:8483)
    at https://dashboard.render.com/assets/enterpriseSSO-BccjFbhV.js:21:8398
    at new Promise (<anonymous>)
    at Object.then (https://dashboard.render.com/assets/enterpriseSSO-BccjFbhV.js:21:8365)
    at Object.next (https://dashboard.render.com/assets/enterpriseSSO-BccjFbhV.js:21:8493)
    at ai (https://dashboard.render.com/assets/urls-01lzAMjG.js:16:1891)
    at oi (https://dashboard.render.com/assets/urls-01lzAMjG.js:16:2300)
    at t.next (https://dashboard.render.com/assets/urls-01lzAMjG.js:16:2817)
    at https://dashboard.render.com/assets/urls-01lzAMjG.js:16:7256
    at Array.forEach (<anonymous>)
    at mi (https://dashboard.render.com/assets/urls-01lzAMjG.js:16:7225)
    at Object.next (https://dashboard.render.com/assets/enterpriseSSO-BccjFbhV.js:21:9113)
    at ai (https://dashboard.render.com/assets/urls-01lzAMjG.js:16:1891)
    at oi (https://dashboard.render.com/assets/urls-01lzAMjG.js:16:2300)
    at t.next (https://dashboard.render.com/assets/urls-01lzAMjG.js:16:2817)
    at ai (https://dashboard.render.com/assets/urls-01lzAMjG.js:16:1891)
    at oi (https://dashboard.render.com/assets/urls-01lzAMjG.js:16:2300)
    at t.next (https://dashboard.render.com/assets/urls-01lzAMjG.js:16:2817)
    at ai (https://dashboard.render.com/assets/urls-01lzAMjG.js:16:1891)
    at oi (https://dashboard.render.com/assets/urls-01lzAMjG.js:16:2300)
    at t.next (https://dashboard.render.com/assets/urls-01lzAMjG.js:16:2817)
[  416766ms] ApolloError: deploy is not running
    at new t (https://dashboard.render.com/assets/urls-01lzAMjG.js:17:150)
    at https://dashboard.render.com/assets/enterpriseSSO-BccjFbhV.js:25:49026
    at a (https://dashboard.render.com/assets/enterpriseSSO-BccjFbhV.js:21:8483)
    at https://dashboard.render.com/assets/enterpriseSSO-BccjFbhV.js:21:8398
    at new Promise (<anonymous>)
    at Object.then (https://dashboard.render.com/assets/enterpriseSSO-BccjFbhV.js:21:8365)
    at Object.next (https://dashboard.render.com/assets/enterpriseSSO-BccjFbhV.js:21:8493)
    at ai (https://dashboard.render.com/assets/urls-01lzAMjG.js:16:1891)
    at oi (https://dashboard.render.com/assets/urls-01lzAMjG.js:16:2300)
    at t.next (https://dashboard.render.com/assets/urls-01lzAMjG.js:16:2817)
    at https://dashboard.render.com/assets/urls-01lzAMjG.js:16:7256
    at Array.forEach (<anonymous>)
    at mi (https://dashboard.render.com/assets/urls-01lzAMjG.js:16:7225)
    at Object.next (https://dashboard.render.com/assets/enterpriseSSO-BccjFbhV.js:21:9113)
    at ai (https://dashboard.render.com/assets/urls-01lzAMjG.js:16:1891)
    at oi (https://dashboard.render.com/assets/urls-01lzAMjG.js:16:2300)
    at t.next (https://dashboard.render.com/assets/urls-01lzAMjG.js:16:2817)
    at ai (https://dashboard.render.com/assets/urls-01lzAMjG.js:16:1891)
    at oi (https://dashboard.render.com/assets/urls-01lzAMjG.js:16:2300)
    at t.next (https://dashboard.render.com/assets/urls-01lzAMjG.js:16:2817)
    at ai (https://dashboard.render.com/assets/urls-01lzAMjG.js:16:1891)
    at oi (https://dashboard.render.com/assets/urls-01lzAMjG.js:16:2300)
    at t.next (https://dashboard.render.com/assets/urls-01lzAMjG.js:16:2817)
[  445439ms] [LOG] Hi there! You're looking at Render version 7fe58b127. @ https://dashboard.render.com/assets/errors-B-GptvPE.js:5
[  506562ms] [LOG] Hi there! You're looking at Render version 7fe58b127. @ https://dashboard.render.com/assets/errors-B-GptvPE.js:5
[  507266ms] [WARNING] [Intercom] The App ID in your code snippet has not been set. Set it to your App ID found in settings to complete installation: https://app.intercom.com/a/apps/_/settings/web @ https://js.intercomcdn.com/frame-modern.98382579.js:0
[  507269ms] [INFO] [Intercom] Launcher is disabled in settings or current page does not match display conditions @ https://js.intercomcdn.com/frame-modern.98382579.js:0
[  573803ms] [LOG] Hi there! You're looking at Render version 7fe58b127. @ https://dashboard.render.com/assets/errors-B-GptvPE.js:5
[  669981ms] [LOG] Hi there! You're looking at Render version 7fe58b127. @ https://dashboard.render.com/assets/errors-B-GptvPE.js:5
[ 2062030ms] [WARNING] WebSocket connection to 'wss://api.render.com/graphql' failed: WebSocket is closed before the connection is established. @ https://dashboard.render.com/assets/enterpriseSSO-BccjFbhV.js:25
[ 6256225ms] [WARNING] WebSocket connection to 'wss://api.render.com/graphql' failed: WebSocket is closed before the connection is established. @ https://dashboard.render.com/assets/enterpriseSSO-BccjFbhV.js:25
[12486318ms] [WARNING] WebSocket connection to 'wss://api.render.com/graphql' failed: WebSocket is closed before the connection is established. @ https://dashboard.render.com/assets/enterpriseSSO-BccjFbhV.js:25
[19648086ms] [WARNING] WebSocket connection to 'wss://api.render.com/graphql' failed: WebSocket is closed before the connection is established. @ https://dashboard.render.com/assets/enterpriseSSO-BccjFbhV.js:25
[26917014ms] [WARNING] WebSocket connection to 'wss://api.render.com/graphql' failed: WebSocket is closed before the connection is established. @ https://dashboard.render.com/assets/enterpriseSSO-BccjFbhV.js:25
[36615811ms] [WARNING] WebSocket connection to 'wss://api.render.com/graphql' failed: WebSocket is closed before the connection is established. @ https://dashboard.render.com/assets/enterpriseSSO-BccjFbhV.js:25
[36617287ms] [WARNING] WebSocket connection to 'wss://api.render.com/graphql' failed: WebSocket is closed before the connection is established. @ https://dashboard.render.com/assets/enterpriseSSO-BccjFbhV.js:25
[38596099ms] [WARNING] WebSocket connection to 'wss://api.render.com/graphql' failed: WebSocket is closed before the connection is established. @ https://dashboard.render.com/assets/enterpriseSSO-BccjFbhV.js:25
[45906749ms] [WARNING] WebSocket connection to 'wss://api.render.com/graphql' failed: WebSocket is closed before the connection is established. @ https://dashboard.render.com/assets/enterpriseSSO-BccjFbhV.js:25
[61944221ms] [WARNING] WebSocket connection to 'wss://nexus-websocket-a.intercom.io/pubsub/5-65psNzKgNeCcwQHILL4ln2EALF6Pr2nxX7q9bQIUy4dYeNU-DSoW-tautWQUXvgViH9tOd4C6nHSQv5uNDfBfP8v79Vxh3NdaTOB?X-Nexus-New-Client=true&X-Nexus-Version=0.18.8&user_role=user' failed: WebSocket is closed before the connection is established. @ https://js.intercomcdn.com/vendor-modern.ed29c48b.js:1
[61949527ms] [ERROR] Failed to load resource: net::ERR_NETWORK_CHANGED @ https://api.render.com/graphql:0
[61949591ms] [ERROR] Failed to load resource: net::ERR_NETWORK_CHANGED @ https://api.render.com/graphql:0
[61950160ms] [ERROR] WebSocket connection to 'wss://nexus-websocket-a.intercom.io/pubsub/5-65psNzKgNeCcwQHILL4ln2EALF6Pr2nxX7q9bQIUy4dYeNU-DSoW-tautWQUXvgViH9tOd4C6nHSQv5uNDfBfP8v79Vxh3NdaTOB?X-Nexus-New-Client=true&X-Nexus-Version=0.18.8&user_role=user' failed: Error in connection establishment: net::ERR_NAME_NOT_RESOLVED @ https://js.intercomcdn.com/vendor-modern.ed29c48b.js:1
[61950160ms] [ERROR] Failed to load resource: net::ERR_NETWORK_CHANGED @ https://api.render.com/graphql:0
[61950231ms] [ERROR] Failed to load resource: net::ERR_NETWORK_CHANGED @ https://api.render.com/graphql:0
[61958053ms] [WARNING] WebSocket connection to 'wss://api.render.com/graphql' failed: WebSocket is closed before the connection is established. @ https://dashboard.render.com/assets/enterpriseSSO-BccjFbhV.js:25
[61959501ms] [WARNING] WebSocket connection to 'wss://api.render.com/graphql' failed: WebSocket is closed before the connection is established. @ https://dashboard.render.com/assets/enterpriseSSO-BccjFbhV.js:25
[61961225ms] [WARNING] WebSocket connection to 'wss://api.render.com/graphql' failed: WebSocket is closed before the connection is established. @ https://dashboard.render.com/assets/enterpriseSSO-BccjFbhV.js:25
[61977921ms] [ERROR] WebSocket connection to 'wss://nexus-websocket-a.intercom.io/pubsub/5-65psNzKgNeCcwQHILL4ln2EALF6Pr2nxX7q9bQIUy4dYeNU-DSoW-tautWQUXvgViH9tOd4C6nHSQv5uNDfBfP8v79Vxh3NdaTOB?X-Nexus-New-Client=true&X-Nexus-Version=0.18.8&user_role=user' failed: WebSocket opening handshake timed out @ https://js.intercomcdn.com/vendor-modern.ed29c48b.js:1
[61981183ms] [WARNING] WebSocket connection to 'wss://nexus-websocket-a.intercom.io/pubsub/5-65psNzKgNeCcwQHILL4ln2EALF6Pr2nxX7q9bQIUy4dYeNU-DSoW-tautWQUXvgViH9tOd4C6nHSQv5uNDfBfP8v79Vxh3NdaTOB?X-Nexus-New-Client=true&X-Nexus-Version=0.18.8&user_role=user' failed: WebSocket is closed before the connection is established. @ https://js.intercomcdn.com/vendor-modern.ed29c48b.js:1
[61981672ms] [ERROR] Failed to load resource: net::ERR_NETWORK_CHANGED @ https://api.render.com/graphql:0
[61981683ms] [ERROR] Failed to load resource: net::ERR_NETWORK_CHANGED @ https://api.render.com/graphql:0
[62008996ms] [WARNING] WebSocket connection to 'wss://api.render.com/graphql' failed: WebSocket is closed before the connection is established. @ https://dashboard.render.com/assets/enterpriseSSO-BccjFbhV.js:25
[64150599ms] [WARNING] WebSocket connection to 'wss://api.render.com/graphql' failed: WebSocket is closed before the connection is established. @ https://dashboard.render.com/assets/enterpriseSSO-BccjFbhV.js:25
[70947964ms] [WARNING] WebSocket connection to 'wss://api.render.com/graphql' failed: WebSocket is closed before the connection is established. @ https://dashboard.render.com/assets/enterpriseSSO-BccjFbhV.js:25
[75526441ms] [WARNING] WebSocket connection to 'wss://api.render.com/graphql' failed: WebSocket is closed before the connection is established. @ https://dashboard.render.com/assets/enterpriseSSO-BccjFbhV.js:25
